2026-02-21T13:32:38.555Z [INFO] service=scheduler host=web-01 user=diana request_id=req-648005 status=403 latency_ms=1558 msg="Invalid payload received"
2026-02-21T12:40:34.273Z [ERROR] service=worker host=ip-10-0-2-31 user=neel request_id=req-377511 status=200 latency_ms=2198 msg="Permission denied"
2026-02-21T12:49:48.625Z [INFO] service=scheduler host=ip-10-0-1-12 user=charlie request_id=req-310554 status=500 latency_ms=439 msg="Cache hit" error_code=E980
2026-02-21T13:10:30.648Z [INFO] service=worker host=ip-10-0-2-31 user=neel request_id=req-184729 status=403 latency_ms=985 msg="Rate limit applied"
2026-02-21T13:27:52.446Z [WARN] service=scheduler host=batch-01 user=alice request_id=req-867050 status=409 latency_ms=555 msg="Upstream timeout"
2026-02-21T13:02:57.359Z [INFO] service=worker host=macbook-pro user=guest request_id=req-866173 status=401 latency_ms=124 msg="DB connection opened" reason=invalid_token
2026-02-21T11:49:56.473Z [WARN] service=db host=macbook-pro user=neel request_id=req-958948 status=204 latency_ms=863 msg="Service stopped"
2026-02-21T11:30:23.707Z [INFO] service=scheduler host=web-01 user=bob request_id=req-639211 status=409 latency_ms=226 msg="Permission denied"
2026-02-21T12:56:58.794Z [WARN] service=worker host=ip-10-0-1-12 user=charlie request_id=req-224868 status=429 latency_ms=2452 msg="Rate limit applied" reason=rate_limited
2026-02-21T14:21:16.974Z [ERROR] service=worker host=web-02 user=neel request_id=req-846945 status=401 latency_ms=1343 msg="Token validated" reason=invalid_token
2026-02-21T12:30:38.125Z [INFO] service=api host=ip-10-0-2-31 user=diana request_id=req-924609 status=409 latency_ms=881 msg="Healthcheck OK"
2026-02-21T12:46:48.947Z [INFO] service=payments host=macbook-pro user=charlie request_id=req-107818 status=403 latency_ms=2206 msg="Permission denied"
2026-02-21T13:43:59.407Z [INFO] service=scheduler host=batch-01 user=bob request_id=req-245941 status=503 latency_ms=1366 msg="DB connection opened" error_code=E298
2026-02-21T13:45:46.260Z [INFO] service=auth host=web-02 user=guest request_id=req-921921 status=503 latency_ms=2247 msg="Service started" error_code=E894
2026-02-21T12:58:51.795Z [INFO] service=worker host=macbook-pro user=charlie request_id=req-997652 status=401 latency_ms=1315 msg="Cache hit" reason=invalid_token
2026-02-21T11:46:17.290Z [INFO] service=db host=ip-10-0-1-12 user=bob request_id=req-797611 status=201 latency_ms=753 msg="Permission denied"
2026-02-21T12:58:25.547Z [ERROR] service=worker host=batch-01 user=guest request_id=req-377312 status=400 latency_ms=1954 msg="Token validated"
2026-02-21T11:53:17.609Z [DEBUG] service=db host=ip-10-0-2-31 user=neel request_id=req-646037 status=500 latency_ms=56 msg="Cache hit" error_code=E305
2026-02-21T12:37:46.670Z [INFO] service=api host=web-01 user=alice request_id=req-363456 status=200 latency_ms=1044 msg="Cache hit"
2026-02-21T12:20:23.238Z [INFO] service=db host=web-01 user=guest request_id=req-114796 status=503 latency_ms=1243 msg="Healthcheck OK" error_code=E314
2026-02-21T13:46:25.501Z [ERROR] service=api host=ip-10-0-2-31 user=charlie request_id=req-760770 status=403 latency_ms=1077 msg="Healthcheck failed"
2026-02-21T12:25:08.441Z [INFO] service=db host=macbook-pro user=bob request_id=req-641466 status=400 latency_ms=1435 msg="Service stopped"
2026-02-21T12:11:59.542Z [DEBUG] service=api host=ip-10-0-2-31 user=charlie request_id=req-171592 status=409 latency_ms=1381 msg="Healthcheck OK"
2026-02-21T11:44:05.899Z [DEBUG] service=orders host=web-01 user=alice request_id=req-413611 status=429 latency_ms=1248 msg="Token validated" reason=rate_limited
2026-02-21T13:57:03.939Z [ERROR] service=auth host=ip-10-0-2-31 user=bob request_id=req-517616 status=409 latency_ms=887 msg="Request received"
2026-02-21T12:43:01.079Z [INFO] service=api host=web-01 user=neel request_id=req-830225 status=502 latency_ms=1443 msg="Cache hit" error_code=E772
2026-02-21T11:31:21.452Z [INFO] service=worker host=web-02 user=charlie request_id=req-786656 status=400 latency_ms=1563 msg="DB connection opened"
2026-02-21T13:06:52.843Z [INFO] service=orders host=web-02 user=diana request_id=req-207028 status=204 latency_ms=2210 msg="Cache hit"
2026-02-21T12:45:16.123Z [INFO] service=db host=ip-10-0-2-31 user=charlie request_id=req-340143 status=400 latency_ms=485 msg="Service stopped"
2026-02-21T11:44:23.014Z [INFO] service=worker host=ip-10-0-2-31 user=diana request_id=req-978031 status=401 latency_ms=1199 msg="Token validated" reason=invalid_token
2026-02-21T13:12:00.134Z [WARN] service=scheduler host=ip-10-0-1-12 user=diana request_id=req-865981 status=429 latency_ms=1325 msg="DB query executed" reason=rate_limited
2026-02-21T12:24:39.609Z [INFO] service=orders host=batch-01 user=diana request_id=req-375558 status=503 latency_ms=341 msg="Request received" error_code=E255
2026-02-21T14:20:43.334Z [WARN] service=auth host=ip-10-0-1-12 user=bob request_id=req-310302 status=201 latency_ms=217 msg="Request completed"
2026-02-21T11:22:02.520Z [WARN] service=api host=web-01 user=guest request_id=req-642415 status=409 latency_ms=2095 msg="Upstream timeout"
2026-02-21T13:49:19.897Z [DEBUG] service=db host=macbook-pro user=bob request_id=req-796268 status=204 latency_ms=806 msg="DB query executed"
2026-02-21T12:09:53.112Z [ERROR] service=auth host=ip-10-0-1-12 user=alice request_id=req-787547 status=409 latency_ms=1891 msg="Upstream timeout"
2026-02-21T13:42:56.879Z [WARN] service=db host=batch-01 user=neel request_id=req-427618 status=429 latency_ms=2244 msg="Service stopped" reason=rate_limited
2026-02-21T13:28:36.743Z [INFO] service=orders host=web-02 user=guest request_id=req-296728 status=502 latency_ms=2276 msg="DB connection opened" error_code=E344
2026-02-21T12:41:40.630Z [DEBUG] service=api host=ip-10-0-1-12 user=guest request_id=req-697583 status=403 latency_ms=2160 msg="Cache miss"
2026-02-21T14:10:37.432Z [INFO] service=db host=batch-01 user=guest request_id=req-896179 status=502 latency_ms=416 msg="Retrying operation" error_code=E814
2026-02-21T12:25:40.243Z [INFO] service=orders host=web-01 user=charlie request_id=req-854778 status=400 latency_ms=2257 msg="Cache miss"
2026-02-21T12:17:57.789Z [WARN] service=payments host=ip-10-0-1-12 user=diana request_id=req-710990 status=404 latency_ms=421 msg="Upstream timeout"
2026-02-21T11:44:47.887Z [ERROR] service=scheduler host=web-01 user=diana request_id=req-851629 status=502 latency_ms=1912 msg="Rate limit applied" error_code=E786
2026-02-21T13:33:43.505Z [WARN] service=worker host=ip-10-0-1-12 user=diana request_id=req-474895 status=500 latency_ms=2399 msg="Cache hit" error_code=E700
2026-02-21T13:48:47.178Z [ERROR] service=worker host=batch-01 user=neel request_id=req-109982 status=502 latency_ms=2265 msg="Request received" error_code=E723
2026-02-21T13:44:27.699Z [WARN] service=db host=ip-10-0-1-12 user=charlie request_id=req-413682 status=502 latency_ms=1553 msg="Token validated" error_code=E557
2026-02-21T11:34:08.052Z [WARN] service=scheduler host=web-01 user=guest request_id=req-214888 status=502 latency_ms=2206 msg="Healthcheck failed" error_code=E795
2026-02-21T13:24:00.161Z [INFO] service=api host=web-01 user=guest request_id=req-342593 status=400 latency_ms=989 msg="DB connection opened"
2026-02-21T13:15:01.350Z [INFO] service=worker host=ip-10-0-1-12 user=alice request_id=req-599334 status=401 latency_ms=1377 msg="Request received" reason=invalid_token
2026-02-21T13:31:10.873Z [INFO] service=orders host=ip-10-0-2-31 user=alice request_id=req-599961 status=201 latency_ms=1291 msg="Upstream timeout"
2026-02-21T12:24:10.796Z [INFO] service=worker host=web-02 user=bob request_id=req-835016 status=500 latency_ms=149 msg="Retrying operation" error_code=E661
2026-02-21T12:09:36.828Z [WARN] service=worker host=ip-10-0-2-31 user=neel request_id=req-760315 status=429 latency_ms=1294 msg="Healthcheck OK" reason=rate_limited
2026-02-21T12:57:59.124Z [INFO] service=worker host=ip-10-0-2-31 user=neel request_id=req-433238 status=503 latency_ms=1821 msg="Service started" error_code=E665
2026-02-21T12:45:33.083Z [INFO] service=payments host=web-02 user=charlie request_id=req-389588 status=200 latency_ms=1185 msg="Cache miss"
2026-02-21T12:02:11.809Z [DEBUG] service=scheduler host=batch-01 user=guest request_id=req-369965 status=403 latency_ms=1892 msg="Upstream timeout"
2026-02-21T14:13:59.491Z [INFO] service=db host=web-02 user=bob request_id=req-187941 status=201 latency_ms=1300 msg="Permission denied"
2026-02-21T11:52:16.957Z [WARN] service=db host=web-01 user=diana request_id=req-821361 status=400 latency_ms=93 msg="Service stopped"
2026-02-21T12:37:05.352Z [INFO] service=orders host=macbook-pro user=guest request_id=req-594343 status=503 latency_ms=2382 msg="Service stopped" error_code=E170
2026-02-21T11:48:53.180Z [INFO] service=api host=ip-10-0-2-31 user=guest request_id=req-334396 status=400 latency_ms=1687 msg="Invalid payload received"
2026-02-21T13:31:43.525Z [INFO] service=payments host=ip-10-0-2-31 user=bob request_id=req-519994 status=201 latency_ms=715 msg="Upstream timeout"
2026-02-21T11:26:42.720Z [WARN] service=api host=web-01 user=alice request_id=req-838013 status=502 latency_ms=1445 msg="DB connection opened" error_code=E974
2026-02-21T14:00:36.695Z [INFO] service=auth host=web-01 user=bob request_id=req-192173 status=204 latency_ms=2338 msg="Request received"
2026-02-21T12:39:26.726Z [WARN] service=scheduler host=ip-10-0-1-12 user=alice request_id=req-516987 status=502 latency_ms=2175 msg="Invalid payload received" error_code=E451
2026-02-21T13:24:46.364Z [INFO] service=orders host=batch-01 user=diana request_id=req-342307 status=409 latency_ms=1692 msg="Service started"
2026-02-21T13:58:17.065Z [INFO] service=payments host=web-01 user=charlie request_id=req-937172 status=200 latency_ms=799 msg="DB query executed"
2026-02-21T12:26:43.037Z [INFO] service=orders host=macbook-pro user=guest request_id=req-841115 status=502 latency_ms=2457 msg="Healthcheck failed" error_code=E290
2026-02-21T11:23:59.184Z [INFO] service=payments host=web-02 user=diana request_id=req-201176 status=400 latency_ms=2058 msg="Cache hit"
2026-02-21T14:01:28.208Z [INFO] service=db host=web-01 user=neel request_id=req-926761 status=401 latency_ms=54 msg="Service stopped" reason=invalid_token
2026-02-21T12:32:05.288Z [INFO] service=auth host=ip-10-0-1-12 user=neel request_id=req-800346 status=404 latency_ms=2314 msg="DB connection opened"
2026-02-21T13:06:38.368Z [INFO] service=auth host=web-01 user=bob request_id=req-288497 status=409 latency_ms=1794 msg="Upstream timeout"
2026-02-21T14:08:03.555Z [INFO] service=auth host=batch-01 user=neel request_id=req-546306 status=204 latency_ms=2072 msg="DB query executed"
2026-02-21T11:32:54.291Z [INFO] service=db host=batch-01 user=guest request_id=req-435272 status=403 latency_ms=1759 msg="Service stopped"
2026-02-21T12:09:11.285Z [DEBUG] service=auth host=web-02 user=bob request_id=req-679523 status=201 latency_ms=2121 msg="Permission denied"
2026-02-21T12:51:00.062Z [INFO] service=orders host=web-02 user=alice request_id=req-396695 status=502 latency_ms=1331 msg="Service stopped" error_code=E702
2026-02-21T12:04:38.525Z [INFO] service=worker host=ip-10-0-2-31 user=charlie request_id=req-381383 status=503 latency_ms=714 msg="Service stopped" error_code=E875
2026-02-21T14:12:19.201Z [INFO] service=payments host=ip-10-0-1-12 user=alice request_id=req-252322 status=409 latency_ms=1469 msg="Invalid payload received"
2026-02-21T13:25:23.167Z [INFO] service=db host=web-01 user=alice request_id=req-161312 status=200 latency_ms=1414 msg="Service stopped"
2026-02-21T12:22:56.135Z [DEBUG] service=auth host=web-02 user=bob request_id=req-333103 status=429 latency_ms=1499 msg="Service stopped" reason=rate_limited
2026-02-21T13:50:20.386Z [INFO] service=api host=web-01 user=alice request_id=req-384372 status=502 latency_ms=1291 msg="Healthcheck failed" error_code=E809
2026-02-21T13:39:22.122Z [INFO] service=db host=macbook-pro user=bob request_id=req-221615 status=503 latency_ms=2494 msg="Retrying operation" error_code=E330
2026-02-21T13:08:52.696Z [INFO] service=scheduler host=batch-01 user=charlie request_id=req-681092 status=429 latency_ms=184 msg="Healthcheck OK" reason=rate_limited
2026-02-21T11:56:58.643Z [INFO] service=payments host=batch-01 user=alice request_id=req-345522 status=401 latency_ms=2211 msg="Invalid payload received" reason=invalid_token
2026-02-21T11:56:18.340Z [WARN] service=worker host=batch-01 user=alice request_id=req-128090 status=500 latency_ms=1120 msg="Cache miss" error_code=E631
2026-02-21T13:06:47.480Z [ERROR] service=scheduler host=web-02 user=guest request_id=req-385663 status=401 latency_ms=1710 msg="Rate limit applied" reason=invalid_token
2026-02-21T12:19:56.776Z [INFO] service=api host=ip-10-0-2-31 user=neel request_id=req-628016 status=502 latency_ms=189 msg="Request received" error_code=E821
2026-02-21T12:54:07.992Z [DEBUG] service=worker host=ip-10-0-2-31 user=alice request_id=req-998863 status=400 latency_ms=1078 msg="Service started"
2026-02-21T12:56:49.639Z [INFO] service=payments host=web-01 user=bob request_id=req-309804 status=201 latency_ms=1290 msg="Healthcheck failed"
2026-02-21T13:27:42.655Z [DEBUG] service=auth host=web-02 user=neel request_id=req-405601 status=500 latency_ms=1097 msg="Upstream timeout" error_code=E936
2026-02-21T12:02:50.536Z [INFO] service=scheduler host=macbook-pro user=charlie request_id=req-416140 status=201 latency_ms=361 msg="Permission denied"
2026-02-21T12:57:18.219Z [WARN] service=api host=ip-10-0-1-12 user=bob request_id=req-134976 status=401 latency_ms=2496 msg="Rate limit applied" reason=invalid_token
2026-02-21T12:42:19.798Z [INFO] service=auth host=web-02 user=charlie request_id=req-336299 status=409 latency_ms=32 msg="Healthcheck OK"
2026-02-21T12:14:35.881Z [WARN] service=auth host=web-01 user=bob request_id=req-218070 status=200 latency_ms=1120 msg="Token validated"
2026-02-21T11:32:51.824Z [INFO] service=orders host=web-01 user=diana request_id=req-346410 status=204 latency_ms=47 msg="Healthcheck failed"
2026-02-21T13:09:29.762Z [WARN] service=orders host=batch-01 user=neel request_id=req-874366 status=401 latency_ms=1365 msg="Service started" reason=invalid_token
2026-02-21T12:09:25.844Z [WARN] service=orders host=web-01 user=alice request_id=req-690642 status=200 latency_ms=1078 msg="Invalid payload received"
2026-02-21T14:19:13.648Z [ERROR] service=worker host=ip-10-0-2-31 user=neel request_id=req-337203 status=201 latency_ms=689 msg="Service stopped"
2026-02-21T12:59:47.050Z [INFO] service=db host=web-02 user=guest request_id=req-878666 status=503 latency_ms=1052 msg="Upstream timeout" error_code=E720
2026-02-21T12:01:58.175Z [INFO] service=api host=macbook-pro user=charlie request_id=req-561545 status=409 latency_ms=974 msg="Service started"
2026-02-21T13:56:01.615Z [INFO] service=auth host=ip-10-0-2-31 user=alice request_id=req-746977 status=403 latency_ms=1368 msg="Service started"
2026-02-21T13:53:29.214Z [INFO] service=worker host=ip-10-0-1-12 user=guest request_id=req-338024 status=502 latency_ms=1984 msg="DB connection opened" error_code=E370
2026-02-21T14:05:32.595Z [INFO] service=auth host=batch-01 user=guest request_id=req-601366 status=403 latency_ms=1049 msg="Service started"
2026-02-21T14:09:47.969Z [INFO] service=orders host=batch-01 user=alice request_id=req-207435 status=400 latency_ms=1264 msg="Cache hit"
2026-02-21T12:51:14.297Z [INFO] service=api host=ip-10-0-2-31 user=diana request_id=req-488035 status=404 latency_ms=2385 msg="Request completed"
2026-02-21T12:30:23.417Z [INFO] service=api host=batch-01 user=bob request_id=req-283452 status=400 latency_ms=75 msg="Token validated"
2026-02-21T11:32:47.230Z [WARN] service=worker host=ip-10-0-2-31 user=bob request_id=req-546965 status=401 latency_ms=909 msg="Retrying operation" reason=invalid_token
2026-02-21T11:44:26.843Z [INFO] service=orders host=web-01 user=diana request_id=req-849681 status=404 latency_ms=1433 msg="Token validated"
2026-02-21T11:41:38.036Z [WARN] service=orders host=ip-10-0-2-31 user=guest request_id=req-412849 status=401 latency_ms=2256 msg="DB connection opened" reason=invalid_token
2026-02-21T12:50:08.568Z [INFO] service=db host=web-02 user=guest request_id=req-777664 status=503 latency_ms=524 msg="Request received" error_code=E865
2026-02-21T12:14:18.510Z [WARN] service=orders host=ip-10-0-1-12 user=alice request_id=req-428567 status=200 latency_ms=749 msg="Token validated"
2026-02-21T12:43:36.847Z [WARN] service=db host=web-02 user=alice request_id=req-993340 status=404 latency_ms=27 msg="DB connection opened"
2026-02-21T13:20:18.074Z [INFO] service=api host=web-01 user=guest request_id=req-983139 status=403 latency_ms=1703 msg="Service stopped"
2026-02-21T12:29:51.459Z [INFO] service=db host=ip-10-0-2-31 user=alice request_id=req-758926 status=409 latency_ms=2317 msg="Rate limit applied"
2026-02-21T11:52:17.621Z [DEBUG] service=auth host=batch-01 user=neel request_id=req-721916 status=204 latency_ms=578 msg="Service stopped"
2026-02-21T13:43:58.401Z [WARN] service=auth host=macbook-pro user=diana request_id=req-896574 status=409 latency_ms=403 msg="Request received"
2026-02-21T14:14:50.886Z [ERROR] service=payments host=web-02 user=alice request_id=req-937756 status=404 latency_ms=2079 msg="Upstream timeout"
2026-02-21T13:25:13.890Z [WARN] service=worker host=ip-10-0-2-31 user=alice request_id=req-933383 status=503 latency_ms=935 msg="Token validated" error_code=E575
2026-02-21T11:33:44.949Z [WARN] service=scheduler host=ip-10-0-2-31 user=guest request_id=req-923235 status=200 latency_ms=2076 msg="Cache hit"
2026-02-21T14:20:46.913Z [INFO] service=api host=batch-01 user=alice request_id=req-870383 status=200 latency_ms=698 msg="Healthcheck OK"
2026-02-21T14:15:52.649Z [INFO] service=scheduler host=web-02 user=diana request_id=req-620918 status=502 latency_ms=726 msg="Service stopped" error_code=E705
2026-02-21T12:17:08.393Z [DEBUG] service=api host=ip-10-0-1-12 user=diana request_id=req-473129 status=200 latency_ms=216 msg="Cache miss"
2026-02-21T11:23:30.446Z [INFO] service=api host=batch-01 user=guest request_id=req-527500 status=409 latency_ms=969 msg="Cache miss"
2026-02-21T13:53:58.713Z [DEBUG] service=scheduler host=batch-01 user=charlie request_id=req-580585 status=404 latency_ms=2409 msg="Cache miss"
2026-02-21T12:09:10.720Z [INFO] service=payments host=web-02 user=neel request_id=req-183902 status=403 latency_ms=637 msg="Service started"
2026-02-21T12:59:46.159Z [WARN] service=payments host=web-01 user=alice request_id=req-456227 status=204 latency_ms=1104 msg="Token validated"
2026-02-21T12:09:11.705Z [INFO] service=worker host=macbook-pro user=charlie request_id=req-624460 status=204 latency_ms=2094 msg="Service stopped"
2026-02-21T12:52:31.690Z [DEBUG] service=auth host=ip-10-0-2-31 user=guest request_id=req-709026 status=404 latency_ms=915 msg="Healthcheck OK"
2026-02-21T13:21:27.327Z [INFO] service=orders host=macbook-pro user=bob request_id=req-128124 status=409 latency_ms=751 msg="Token validated"
2026-02-21T11:36:10.288Z [INFO] service=payments host=ip-10-0-1-12 user=neel request_id=req-371353 status=401 latency_ms=309 msg="DB query executed" reason=invalid_token
2026-02-21T13:53:59.111Z [INFO] service=auth host=batch-01 user=alice request_id=req-739126 status=201 latency_ms=119 msg="Healthcheck failed"
2026-02-21T12:05:40.242Z [INFO] service=worker host=batch-01 user=alice request_id=req-453753 status=201 latency_ms=2372 msg="Rate limit applied"
2026-02-21T11:29:57.590Z [WARN] service=worker host=batch-01 user=alice request_id=req-365966 status=502 latency_ms=2202 msg="Cache miss" error_code=E504
2026-02-21T11:39:54.159Z [INFO] service=api host=batch-01 user=alice request_id=req-715626 status=201 latency_ms=702 msg="Request received"
2026-02-21T13:49:08.172Z [INFO] service=db host=ip-10-0-1-12 user=bob request_id=req-720502 status=200 latency_ms=1651 msg="DB query executed"
2026-02-21T13:51:53.728Z [ERROR] service=payments host=ip-10-0-2-31 user=bob request_id=req-230381 status=500 latency_ms=2209 msg="Cache miss" error_code=E782
2026-02-21T12:42:22.074Z [DEBUG] service=api host=batch-01 user=diana request_id=req-899604 status=401 latency_ms=802 msg="Request completed" reason=invalid_token
2026-02-21T12:16:52.118Z [WARN] service=auth host=web-01 user=alice request_id=req-987820 status=204 latency_ms=2379 msg="DB query executed"
2026-02-21T13:19:58.792Z [INFO] service=auth host=web-01 user=guest request_id=req-292849 status=502 latency_ms=644 msg="Service started" error_code=E502
2026-02-21T11:56:51.396Z [INFO] service=api host=web-01 user=guest request_id=req-587312 status=401 latency_ms=728 msg="Upstream timeout" reason=invalid_token
2026-02-21T13:43:33.589Z [DEBUG] service=auth host=ip-10-0-2-31 user=bob request_id=req-711325 status=409 latency_ms=1807 msg="Request received"
2026-02-21T11:42:26.495Z [DEBUG] service=scheduler host=web-01 user=neel request_id=req-600849 status=403 latency_ms=1484 msg="Cache miss"
2026-02-21T12:28:48.040Z [INFO] service=scheduler host=ip-10-0-1-12 user=guest request_id=req-889926 status=401 latency_ms=2493 msg="Token validated" reason=invalid_token
2026-02-21T11:34:30.975Z [INFO] service=api host=macbook-pro user=bob request_id=req-576672 status=404 latency_ms=642 msg="DB query executed"
2026-02-21T12:30:03.444Z [INFO] service=worker host=ip-10-0-2-31 user=diana request_id=req-126732 status=503 latency_ms=2404 msg="Token validated" error_code=E655
2026-02-21T12:47:03.200Z [INFO] service=scheduler host=macbook-pro user=guest request_id=req-185269 status=400 latency_ms=1839 msg="Retrying operation"
2026-02-21T12:00:21.152Z [INFO] service=api host=web-02 user=alice request_id=req-604925 status=200 latency_ms=598 msg="Cache miss"
2026-02-21T14:14:33.800Z [INFO] service=auth host=macbook-pro user=neel request_id=req-521464 status=503 latency_ms=1482 msg="Cache miss" error_code=E173
2026-02-21T11:33:05.549Z [WARN] service=worker host=ip-10-0-2-31 user=charlie request_id=req-628912 status=409 latency_ms=1839 msg="Upstream timeout"
2026-02-21T13:28:32.641Z [DEBUG] service=auth host=ip-10-0-1-12 user=charlie request_id=req-680767 status=409 latency_ms=1912 msg="Cache hit"
2026-02-21T14:15:26.184Z [INFO] service=api host=web-01 user=neel request_id=req-561159 status=409 latency_ms=1186 msg="Cache miss"
2026-02-21T13:54:29.928Z [WARN] service=api host=web-01 user=guest request_id=req-568319 status=503 latency_ms=143 msg="Cache hit" error_code=E282
2026-02-21T13:03:43.926Z [INFO] service=auth host=macbook-pro user=neel request_id=req-115360 status=502 latency_ms=1405 msg="Retrying operation" error_code=E428
2026-02-21T12:40:45.520Z [INFO] service=auth host=batch-01 user=alice request_id=req-571824 status=200 latency_ms=1581 msg="Healthcheck OK"
2026-02-21T13:13:20.949Z [INFO] service=scheduler host=macbook-pro user=guest request_id=req-220748 status=201 latency_ms=1124 msg="DB connection opened"
2026-02-21T12:53:39.079Z [INFO] service=api host=web-01 user=alice request_id=req-223625 status=400 latency_ms=1720 msg="Permission denied"
2026-02-21T12:27:16.996Z [INFO] service=auth host=batch-01 user=guest request_id=req-841323 status=200 latency_ms=1700 msg="Upstream timeout"
2026-02-21T12:41:11.249Z [INFO] service=auth host=web-02 user=neel request_id=req-124583 status=200 latency_ms=1014 msg="Rate limit applied"
2026-02-21T13:55:06.652Z [DEBUG] service=api host=batch-01 user=alice request_id=req-691107 status=409 latency_ms=1259 msg="Request received"
2026-02-21T12:04:41.648Z [WARN] service=scheduler host=ip-10-0-1-12 user=neel request_id=req-137730 status=429 latency_ms=1975 msg="Retrying operation" reason=rate_limited
2026-02-21T12:16:29.907Z [WARN] service=api host=ip-10-0-1-12 user=alice request_id=req-842575 status=401 latency_ms=1832 msg="Permission denied" reason=invalid_token
2026-02-21T13:01:14.523Z [WARN] service=api host=web-01 user=guest request_id=req-846742 status=400 latency_ms=628 msg="Service stopped"
2026-02-21T11:29:49.485Z [INFO] service=db host=ip-10-0-2-31 user=diana request_id=req-703355 status=429 latency_ms=1331 msg="Healthcheck failed" reason=rate_limited
2026-02-21T12:31:59.104Z [INFO] service=orders host=ip-10-0-1-12 user=neel request_id=req-494077 status=409 latency_ms=1688 msg="Cache miss"
2026-02-21T13:53:03.770Z [INFO] service=scheduler host=macbook-pro user=charlie request_id=req-381575 status=403 latency_ms=283 msg="Cache miss"
2026-02-21T13:02:53.674Z [ERROR] service=scheduler host=web-02 user=bob request_id=req-393590 status=404 latency_ms=782 msg="Rate limit applied"
2026-02-21T12:05:45.592Z [INFO] service=api host=web-01 user=neel request_id=req-714565 status=409 latency_ms=2211 msg="Retrying operation"
2026-02-21T12:12:14.356Z [INFO] service=db host=batch-01 user=guest request_id=req-892706 status=401 latency_ms=1163 msg="Upstream timeout" reason=invalid_token
2026-02-21T11:59:11.448Z [WARN] service=scheduler host=ip-10-0-2-31 user=diana request_id=req-757506 status=409 latency_ms=2046 msg="DB query executed"
2026-02-21T12:14:06.458Z [INFO] service=scheduler host=batch-01 user=diana request_id=req-745163 status=204 latency_ms=52 msg="Cache hit"
2026-02-21T11:49:30.150Z [WARN] service=worker host=ip-10-0-1-12 user=neel request_id=req-849366 status=500 latency_ms=214 msg="Permission denied" error_code=E619
2026-02-21T11:25:43.922Z [INFO] service=payments host=web-02 user=guest request_id=req-567503 status=500 latency_ms=2220 msg="Invalid payload received" error_code=E888
2026-02-21T14:14:49.526Z [INFO] service=api host=macbook-pro user=neel request_id=req-975173 status=429 latency_ms=2203 msg="Service started" reason=rate_limited
2026-02-21T11:59:29.306Z [WARN] service=payments host=ip-10-0-1-12 user=bob request_id=req-454870 status=201 latency_ms=1303 msg="Invalid payload received"
2026-02-21T12:06:36.092Z [WARN] service=payments host=ip-10-0-2-31 user=neel request_id=req-200116 status=500 latency_ms=1317 msg="Permission denied" error_code=E564
2026-02-21T12:28:42.811Z [INFO] service=orders host=web-02 user=bob request_id=req-327821 status=204 latency_ms=1864 msg="Healthcheck OK"
2026-02-21T11:28:20.981Z [ERROR] service=api host=web-01 user=neel request_id=req-711292 status=503 latency_ms=80 msg="Upstream timeout" error_code=E110
2026-02-21T12:04:55.678Z [INFO] service=api host=macbook-pro user=bob request_id=req-934527 status=400 latency_ms=1663 msg="Cache hit"
2026-02-21T11:45:03.576Z [ERROR] service=payments host=macbook-pro user=diana request_id=req-701093 status=429 latency_ms=599 msg="Upstream timeout" reason=rate_limited
2026-02-21T11:36:09.850Z [INFO] service=api host=batch-01 user=guest request_id=req-404729 status=204 latency_ms=1049 msg="Cache miss"
2026-02-21T13:11:58.572Z [INFO] service=worker host=batch-01 user=charlie request_id=req-235319 status=502 latency_ms=91 msg="Token validated" error_code=E392
2026-02-21T13:44:48.361Z [INFO] service=db host=ip-10-0-2-31 user=neel request_id=req-107186 status=429 latency_ms=2124 msg="Healthcheck failed" reason=rate_limited
2026-02-21T14:20:49.795Z [INFO] service=worker host=macbook-pro user=charlie request_id=req-215621 status=400 latency_ms=1300 msg="Upstream timeout"
2026-02-21T12:14:10.876Z [INFO] service=api host=macbook-pro user=guest request_id=req-613310 status=503 latency_ms=1738 msg="Invalid payload received" error_code=E951
2026-02-21T13:44:07.513Z [INFO] service=orders host=ip-10-0-1-12 user=neel request_id=req-141191 status=409 latency_ms=720 msg="Invalid payload received"
2026-02-21T11:45:21.890Z [INFO] service=db host=web-01 user=charlie request_id=req-689428 status=404 latency_ms=1475 msg="Healthcheck OK"
2026-02-21T11:47:40.947Z [INFO] service=payments host=ip-10-0-2-31 user=diana request_id=req-805616 status=503 latency_ms=1022 msg="Cache miss" error_code=E807
2026-02-21T13:05:22.208Z [WARN] service=worker host=ip-10-0-1-12 user=neel request_id=req-983083 status=502 latency_ms=688 msg="Cache hit" error_code=E439
2026-02-21T12:51:44.042Z [DEBUG] service=db host=web-02 user=diana request_id=req-175815 status=409 latency_ms=2301 msg="Invalid payload received"
2026-02-21T11:57:03.104Z [WARN] service=db host=web-02 user=diana request_id=req-859879 status=204 latency_ms=1907 msg="Service started"
2026-02-21T13:48:43.781Z [WARN] service=payments host=batch-01 user=neel request_id=req-862790 status=400 latency_ms=101 msg="Request received"
2026-02-21T13:35:38.049Z [WARN] service=orders host=web-01 user=guest request_id=req-939228 status=200 latency_ms=477 msg="Service started"
2026-02-21T13:54:53.843Z [INFO] service=worker host=batch-01 user=alice request_id=req-980478 status=502 latency_ms=634 msg="Permission denied" error_code=E433
2026-02-21T13:49:41.568Z [ERROR] service=orders host=macbook-pro user=diana request_id=req-105685 status=400 latency_ms=2431 msg="DB connection opened"
2026-02-21T13:08:10.054Z [INFO] service=db host=web-01 user=bob request_id=req-937817 status=409 latency_ms=79 msg="Invalid payload received"
2026-02-21T11:23:40.326Z [WARN] service=auth host=web-01 user=neel request_id=req-161912 status=401 latency_ms=735 msg="Request completed" reason=invalid_token
2026-02-21T12:32:15.513Z [INFO] service=payments host=batch-01 user=guest request_id=req-300337 status=404 latency_ms=1315 msg="DB query executed"
2026-02-21T14:10:40.032Z [WARN] service=scheduler host=batch-01 user=bob request_id=req-748984 status=204 latency_ms=163 msg="DB connection opened"
2026-02-21T14:16:31.844Z [INFO] service=db host=ip-10-0-2-31 user=alice request_id=req-553029 status=204 latency_ms=1657 msg="DB query executed"
2026-02-21T14:18:44.143Z [INFO] service=scheduler host=web-02 user=alice request_id=req-746476 status=502 latency_ms=294 msg="Retrying operation" error_code=E200
2026-02-21T12:13:21.896Z [INFO] service=payments host=batch-01 user=guest request_id=req-999751 status=200 latency_ms=2293 msg="Permission denied"
2026-02-21T11:25:01.099Z [WARN] service=auth host=ip-10-0-1-12 user=alice request_id=req-287171 status=409 latency_ms=1498 msg="Healthcheck failed"
2026-02-21T11:53:09.848Z [INFO] service=scheduler host=web-02 user=alice request_id=req-315823 status=429 latency_ms=1285 msg="Rate limit applied" reason=rate_limited
2026-02-21T13:48:58.982Z [INFO] service=worker host=macbook-pro user=neel request_id=req-432947 status=503 latency_ms=1693 msg="Token validated" error_code=E224
2026-02-21T14:04:32.827Z [INFO] service=auth host=ip-10-0-1-12 user=diana request_id=req-829976 status=400 latency_ms=1465 msg="Cache miss"
2026-02-21T14:16:44.716Z [WARN] service=payments host=web-01 user=diana request_id=req-744695 status=204 latency_ms=801 msg="Service started"
2026-02-21T13:29:32.896Z [INFO] service=db host=web-02 user=charlie request_id=req-945331 status=403 latency_ms=2093 msg="Request received"
2026-02-21T13:31:28.338Z [INFO] service=orders host=web-02 user=alice request_id=req-406017 status=502 latency_ms=2101 msg="Cache hit" error_code=E968
2026-02-21T13:43:01.777Z [ERROR] service=orders host=macbook-pro user=charlie request_id=req-425328 status=200 latency_ms=282 msg="Cache hit"
2026-02-21T14:01:19.273Z [WARN] service=db host=ip-10-0-2-31 user=alice request_id=req-808265 status=500 latency_ms=1610 msg="Service started" error_code=E547
2026-02-21T12:52:14.871Z [DEBUG] service=orders host=macbook-pro user=alice request_id=req-224060 status=400 latency_ms=2398 msg="Cache hit"
2026-02-21T12:00:43.372Z [WARN] service=orders host=ip-10-0-1-12 user=bob request_id=req-143814 status=409 latency_ms=1235 msg="Request completed"
2026-02-21T13:05:41.040Z [DEBUG] service=payments host=ip-10-0-1-12 user=neel request_id=req-877110 status=201 latency_ms=1884 msg="Cache miss"
2026-02-21T11:26:02.376Z [INFO] service=api host=web-01 user=guest request_id=req-825906 status=400 latency_ms=2331 msg="Token validated"
2026-02-21T12:57:39.063Z [ERROR] service=payments host=web-01 user=charlie request_id=req-301289 status=503 latency_ms=397 msg="Healthcheck OK" error_code=E286
2026-02-21T11:31:11.754Z [INFO] service=worker host=macbook-pro user=charlie request_id=req-574309 status=409 latency_ms=310 msg="Upstream timeout"
2026-02-21T13:29:53.152Z [INFO] service=auth host=ip-10-0-1-12 user=guest request_id=req-395312 status=500 latency_ms=1969 msg="Rate limit applied" error_code=E215
2026-02-21T12:24:50.817Z [INFO] service=api host=macbook-pro user=alice request_id=req-424211 status=401 latency_ms=755 msg="DB query executed" reason=invalid_token
2026-02-21T13:15:48.249Z [WARN] service=auth host=batch-01 user=guest request_id=req-475847 status=500 latency_ms=1049 msg="Upstream timeout" error_code=E491
2026-02-21T13:41:31.202Z [INFO] service=payments host=macbook-pro user=alice request_id=req-817417 status=429 latency_ms=1825 msg="Token validated" reason=rate_limited
2026-02-21T14:08:14.211Z [INFO] service=auth host=ip-10-0-2-31 user=neel request_id=req-642045 status=403 latency_ms=2128 msg="Request received"
2026-02-21T13:55:49.956Z [INFO] service=scheduler host=macbook-pro user=neel request_id=req-486138 status=503 latency_ms=1598 msg="Cache hit" error_code=E968
2026-02-21T11:24:10.606Z [INFO] service=payments host=batch-01 user=alice request_id=req-142652 status=502 latency_ms=461 msg="DB query executed" error_code=E836
2026-02-21T11:47:58.061Z [ERROR] service=db host=ip-10-0-2-31 user=guest request_id=req-228302 status=401 latency_ms=829 msg="DB query executed" reason=invalid_token
2026-02-21T12:48:54.509Z [INFO] service=worker host=ip-10-0-1-12 user=guest request_id=req-418336 status=500 latency_ms=618 msg="Healthcheck failed" error_code=E478
2026-02-21T12:05:34.604Z [INFO] service=payments host=web-02 user=diana request_id=req-428466 status=204 latency_ms=12 msg="Invalid payload received"
2026-02-21T13:57:43.704Z [ERROR] service=db host=batch-01 user=guest request_id=req-960075 status=201 latency_ms=948 msg="Cache hit"
2026-02-21T12:06:30.799Z [INFO] service=worker host=macbook-pro user=guest request_id=req-313954 status=201 latency_ms=682 msg="Invalid payload received"
2026-02-21T11:35:17.346Z [WARN] service=api host=ip-10-0-1-12 user=alice request_id=req-334669 status=400 latency_ms=356 msg="Cache miss"
2026-02-21T12:47:58.819Z [INFO] service=scheduler host=batch-01 user=neel request_id=req-137367 status=502 latency_ms=152 msg="Invalid payload received" error_code=E771
2026-02-21T13:26:01.649Z [INFO] service=db host=web-02 user=charlie request_id=req-163105 status=403 latency_ms=1082 msg="Rate limit applied"
2026-02-21T12:25:19.623Z [INFO] service=worker host=macbook-pro user=guest request_id=req-717887 status=200 latency_ms=2497 msg="Rate limit applied"
2026-02-21T11:52:16.163Z [WARN] service=payments host=ip-10-0-1-12 user=diana request_id=req-759003 status=200 latency_ms=857 msg="Request received"
2026-02-21T13:18:52.104Z [WARN] service=db host=ip-10-0-1-12 user=neel request_id=req-843213 status=404 latency_ms=1389 msg="Retrying operation"
2026-02-21T12:38:35.834Z [INFO] service=orders host=ip-10-0-1-12 user=bob request_id=req-820388 status=404 latency_ms=1311 msg="Healthcheck failed"
2026-02-21T14:19:03.028Z [DEBUG] service=orders host=macbook-pro user=alice request_id=req-989018 status=502 latency_ms=2183 msg="Token validated" error_code=E986
2026-02-21T12:52:41.059Z [DEBUG] service=db host=batch-01 user=diana request_id=req-906786 status=401 latency_ms=1362 msg="Service stopped" reason=invalid_token
2026-02-21T12:40:14.646Z [INFO] service=payments host=web-01 user=charlie request_id=req-524997 status=400 latency_ms=400 msg="DB query executed"
2026-02-21T12:02:05.183Z [INFO] service=auth host=macbook-pro user=alice request_id=req-388713 status=404 latency_ms=1753 msg="Permission denied"
2026-02-21T13:43:06.549Z [ERROR] service=api host=ip-10-0-1-12 user=guest request_id=req-808601 status=401 latency_ms=45 msg="Token validated" reason=invalid_token
2026-02-21T11:25:10.582Z [INFO] service=api host=macbook-pro user=neel request_id=req-953361 status=429 latency_ms=1003 msg="Healthcheck failed" reason=rate_limited
2026-02-21T13:38:56.334Z [INFO] service=orders host=ip-10-0-2-31 user=bob request_id=req-612277 status=403 latency_ms=105 msg="Request completed"
2026-02-21T12:22:00.176Z [INFO] service=worker host=web-02 user=bob request_id=req-665328 status=409 latency_ms=998 msg="Cache miss"
2026-02-21T11:25:30.953Z [INFO] service=payments host=macbook-pro user=diana request_id=req-368915 status=401 latency_ms=1153 msg="Service stopped" reason=invalid_token
2026-02-21T13:36:44.956Z [WARN] service=api host=ip-10-0-1-12 user=guest request_id=req-184144 status=204 latency_ms=808 msg="Service stopped"
2026-02-21T13:40:39.539Z [INFO] service=db host=web-01 user=alice request_id=req-279909 status=409 latency_ms=2483 msg="Healthcheck OK"
2026-02-21T13:28:15.480Z [INFO] service=db host=batch-01 user=bob request_id=req-958135 status=403 latency_ms=1180 msg="Cache miss"
2026-02-21T14:12:18.119Z [ERROR] service=payments host=ip-10-0-1-12 user=bob request_id=req-911195 status=401 latency_ms=553 msg="Upstream timeout" reason=invalid_token
2026-02-21T14:18:04.183Z [WARN] service=db host=ip-10-0-2-31 user=neel request_id=req-767709 status=401 latency_ms=1442 msg="Upstream timeout" reason=invalid_token
2026-02-21T12:44:03.666Z [INFO] service=db host=macbook-pro user=charlie request_id=req-745864 status=201 latency_ms=1162 msg="DB query executed"
2026-02-21T14:05:27.433Z [INFO] service=orders host=ip-10-0-2-31 user=neel request_id=req-620172 status=401 latency_ms=878 msg="Token validated" reason=invalid_token
2026-02-21T11:31:26.165Z [INFO] service=orders host=web-01 user=bob request_id=req-880199 status=400 latency_ms=1753 msg="Invalid payload received"
